[2021-10-18 14:58:36.035] [exthost] [info] extension host started
[2021-10-18 14:58:36.037] [exthost] [error] Error: EEXIST: file already exists, open '/home/p_master/.vscode-server/data/User/workspaceStorage/af9e310116ac58e1e7d2562db8bef255/vscode.lock'
[2021-10-18 14:58:36.049] [exthost] [info] Lock '/home/p_master/.vscode-server/data/User/workspaceStorage/af9e310116ac58e1e7d2562db8bef255/vscode.lock': Could not acquire lock, checking if the file is stale.
[2021-10-18 14:58:36.054] [exthost] [info] Lock '/home/p_master/.vscode-server/data/User/workspaceStorage/af9e310116ac58e1e7d2562db8bef255/vscode.lock': The pid 1252 appears to be gone.
[2021-10-18 14:58:36.054] [exthost] [info] Lock '/home/p_master/.vscode-server/data/User/workspaceStorage/af9e310116ac58e1e7d2562db8bef255/vscode.lock': Deleting a stale lock.
[2021-10-18 14:58:36.056] [exthost] [info] Lock '/home/p_master/.vscode-server/data/User/workspaceStorage/af9e310116ac58e1e7d2562db8bef255/vscode.lock': Lock acquired.
[2021-10-18 14:58:36.131] [exthost] [info] ExtensionService#_doActivateExtension vscode.debug-auto-launch, startup: true, activationEvent: '*'
[2021-10-18 14:58:36.132] [exthost] [info] ExtensionService#loadCommonJSModule file:///home/p_master/.vscode-server/bin/ee8c7def80afc00dd6e593ef12f37756d8f504ea/extensions/debug-auto-launch/dist/extension
[2021-10-18 14:58:36.148] [exthost] [info] ExtensionService#_doActivateExtension vscode.git, startup: true, activationEvent: '*', root cause: vscode.github
[2021-10-18 14:58:36.149] [exthost] [info] ExtensionService#loadCommonJSModule file:///home/p_master/.vscode-server/bin/ee8c7def80afc00dd6e593ef12f37756d8f504ea/extensions/git/dist/main
[2021-10-18 14:58:36.462] [exthost] [info] ExtensionService#_doActivateExtension vscode.github, startup: true, activationEvent: '*'
[2021-10-18 14:58:36.462] [exthost] [info] ExtensionService#loadCommonJSModule file:///home/p_master/.vscode-server/bin/ee8c7def80afc00dd6e593ef12f37756d8f504ea/extensions/github/dist/extension.js
[2021-10-18 14:58:36.503] [exthost] [info] ExtensionService#_doActivateExtension vscode.emmet, startup: false, activationEvent: 'onStartupFinished'
[2021-10-18 14:58:36.503] [exthost] [info] ExtensionService#loadCommonJSModule file:///home/p_master/.vscode-server/bin/ee8c7def80afc00dd6e593ef12f37756d8f504ea/extensions/emmet/dist/node/emmetNodeMain
[2021-10-18 14:58:36.577] [exthost] [info] ExtensionService#_doActivateExtension vscode.merge-conflict, startup: false, activationEvent: 'onStartupFinished'
[2021-10-18 14:58:36.577] [exthost] [info] ExtensionService#loadCommonJSModule file:///home/p_master/.vscode-server/bin/ee8c7def80afc00dd6e593ef12f37756d8f504ea/extensions/merge-conflict/dist/mergeConflictMain
[2021-10-18 14:58:36.583] [exthost] [info] eager extensions activated
[2021-10-18 14:58:36.722] [exthost] [info] ExtensionService#_doActivateExtension ms-vscode.js-debug, startup: false, activationEvent: 'onCommand:extension.js-debug.clearAutoAttachVariables'
[2021-10-18 14:58:36.724] [exthost] [info] ExtensionService#loadCommonJSModule file:///home/p_master/.vscode-server/bin/ee8c7def80afc00dd6e593ef12f37756d8f504ea/extensions/ms-vscode.js-debug/src/extension.js
[2021-10-19 05:41:16.017] [exthost] [info] extension host terminating: renderer disconnected for too long (1)
[2021-10-19 05:41:16.020] [exthost] [info] Lock '/home/p_master/.vscode-server/data/User/workspaceStorage/af9e310116ac58e1e7d2562db8bef255/vscode.lock': Marking the lockfile as scheduled to be released in 6000 ms.
[2021-10-19 05:41:17.049] [exthost] [info] exiting with code 0
